<?xml version="1.0" encoding="UTF-8" ?>
<testsuite tests="27" failures="0" name="net.mooctest.GraphTest" time="0.042" errors="0" skipped="0">
  <properties>
[...]
</properties>
  <testcase classname="net.mooctest.GraphTest" name="testGraphAddEdgeAndGetNode" time="0.009"/>
  <testcase classname="net.mooctest.GraphTest" name="testShortestTimeFirstCalculateTravelTimeVariants" time="0.003"/>
  <testcase classname="net.mooctest.GraphTest" name="testAStarHeuristicFactors" time="0.003"/>
  <testcase classname="net.mooctest.GraphTest" name="testAStarFindsPathAvoidingHighRisk" time="0.004"/>
  <testcase classname="net.mooctest.GraphTest" name="testRouteOptimizerDelegatesToAlgorithm" time="0.001"/>
  <testcase classname="net.mooctest.GraphTest" name="testWeatherConditionAdjustments" time="0.001"/>
  <testcase classname="net.mooctest.GraphTest" name="testDijkstraFindsPathWithRefuelAndConstraints" time="0.007"/>
  <testcase classname="net.mooctest.GraphTest" name="testNodeAddNeighborSkipsObstacles" time="0"/>
  <testcase classname="net.mooctest.GraphTest" name="testIterativeDeepeningSearchReturnsNullWhenDepthInsufficient" time="0.001"/>
  <testcase classname="net.mooctest.GraphTest" name="testGasStationRefuelOutput" time="0.001"/>
  <testcase classname="net.mooctest.GraphTest" name="testBellmanFordFindsShortestPath" time="0.001"/>
  <testcase classname="net.mooctest.GraphTest" name="testPathResultGetPathAndPrint" time="0"/>
  <testcase classname="net.mooctest.GraphTest" name="testDijkstraSkipsClosedAndHighRiskForNonEmergency" time="0"/>
  <testcase classname="net.mooctest.GraphTest" name="testDijkstraAllowsEmergencyThroughRestrictions" time="0.002"/>
  <testcase classname="net.mooctest.GraphTest" name="testEdgeProperties" time="0.001"/>
  <testcase classname="net.mooctest.GraphTest" name="testFloydWarshallShortestPath" time="0.002"/>
  <testcase classname="net.mooctest.GraphTest" name="testGraphAddEdgeWithMissingNodeDoesNothing" time="0"/>
  <testcase classname="net.mooctest.GraphTest" name="testNodeConstructorAndGetters" time="0"/>
  <testcase classname="net.mooctest.GraphTest" name="testFloydWarshallPrintDistanceMatrix" time="0.001"/>
  <testcase classname="net.mooctest.GraphTest" name="testDijkstraReturnsNullWithoutGasStation" time="0.001"/>
  <testcase classname="net.mooctest.GraphTest" name="testVehicleFuelOperations" time="0"/>
  <testcase classname="net.mooctest.GraphTest" name="testAStarReturnsNullWhenFuelInsufficient" time="0"/>
  <testcase classname="net.mooctest.GraphTest" name="testTrafficConditionAdjustWeightAllBranches" time="0.001"/>
  <testcase classname="net.mooctest.GraphTest" name="testPathNodeConstructors" time="0"/>
  <testcase classname="net.mooctest.GraphTest" name="testShortestTimeFirstFindsPathAndSkipsClosedRoads" time="0.001"/>
  <testcase classname="net.mooctest.GraphTest" name="testIterativeDeepeningSearchFindsPathWithinDepth" time="0"/>
  <testcase classname="net.mooctest.GraphTest" name="testBellmanFordDetectsNegativeCycle" time="0.002"/>
</testsuite>